Starting org.bukkit.craftbukkit.Main
*** Warning, you've not updated in a while! ***
*** Please download a new build as per instructions from https://papermc.io/downloads/paper ***
WARN StatusConsoleListener Advanced terminal features are not available in this environment
[07:01:42 INFO]: [bootstrap] Running Java 21 (OpenJDK 64-Bit Server VM 21.0.4+7-LTS; Microsoft Microsoft-9889606) on Linux 6.5.0-1025-azure (amd64)
[07:01:42 INFO]: [bootstrap] Loading Paper 1.21.1-41-master@fcedb49 (2024-08-24T09:02:10Z) for Minecraft 1.21.1
[07:01:43 INFO]: [PluginInitializerManager] Initializing plugins...
[07:01:46 INFO]: [PluginInitializerManager] Initialized 5 plugins
[07:01:46 INFO]: [PluginInitializerManager] Bukkit plugins (5):
 - Essentials (2.20.1), Multiverse-Core (4.3.12), ViaBackwards (5.0.3), ViaRewind (4.0.2), ViaVersion (5.0.3)
[07:01:53 INFO]: Environment: Environment[sessionHost=https://sessionserver.mojang.com, servicesHost=https://api.minecraftservices.com, name=PROD]
[07:01:53 ERROR]: Failed to start the minecraft server
net.minecraft.util.DirectoryLock$LockException: /workspaces/1.21-Eagler-server/server/./world/session.lock: already locked (possibly by other Minecraft instance?)
	at net.minecraft.util.DirectoryLock$LockException.alreadyLocked(DirectoryLock.java:100) ~[paper-1.21.1.jar:1.21.1-41-fcedb49]
	at net.minecraft.util.DirectoryLock.create(DirectoryLock.java:30) ~[paper-1.21.1.jar:1.21.1-41-fcedb49]
	at net.minecraft.world.level.storage.LevelStorageSource$LevelStorageAccess.<init>(LevelStorageSource.java:522) ~[paper-1.21.1.jar:1.21.1-41-fcedb49]
	at net.minecraft.world.level.storage.LevelStorageSource.validateAndCreateAccess(LevelStorageSource.java:428) ~[paper-1.21.1.jar:1.21.1-41-fcedb49]
	at net.minecraft.server.Main.main(Main.java:198) ~[paper-1.21.1.jar:1.21.1-41-fcedb49]
	at io.papermc.paper.PaperBootstrap.boot(PaperBootstrap.java:21) ~[paper-1.21.1.jar:1.21.1-41-fcedb49]
	at org.bukkit.craftbukkit.Main.main(Main.java:281) ~[paper-1.21.1.jar:1.21.1-41-fcedb49]
	at io.papermc.paperclip.Paperclip.lambda$main$0(Paperclip.java:42) ~[app:?]
	at java.base/java.lang.Thread.run(Thread.java:1583) ~[?:?]
