[06:12:14] [ServerMain/INFO]: [bootstrap] Running Java 21 (OpenJDK 64-Bit Server VM 21.0.4+7-LTS; Microsoft Microsoft-9889606) on Linux 6.5.0-1022-azure (amd64)
[06:12:14] [ServerMain/INFO]: [bootstrap] Loading Paper 1.21.1-41-master@fcedb49 (2024-08-24T09:02:10Z) for Minecraft 1.21.1
[06:12:15] [ServerMain/INFO]: [PluginInitializerManager] Initializing plugins...
[06:12:16] [ServerMain/INFO]: [PluginInitializerManager] Initialized 5 plugins
[06:12:16] [ServerMain/INFO]: [PluginInitializerManager] Bukkit plugins (5):
 - Essentials (2.20.1), Multiverse-Core (4.3.12), ViaBackwards (5.0.3), ViaRewind (4.0.2), ViaVersion (5.0.3)
[06:12:23] [ServerMain/INFO]: Environment: Environment[sessionHost=https://sessionserver.mojang.com, servicesHost=https://api.minecraftservices.com, name=PROD]
[06:12:27] [ServerMain/INFO]: Loaded 1290 recipes
[06:12:28] [ServerMain/INFO]: Loaded 1399 advancements
[06:12:29] [Server thread/INFO]: Starting minecraft server version 1.21.1
[06:12:29] [Server thread/INFO]: Loading properties
[06:12:29] [Server thread/INFO]: This server is running Paper version 1.21.1-41-master@fcedb49 (2024-08-24T09:02:10Z) (Implementing API version 1.21.1-R0.1-SNAPSHOT)
[06:12:31] [Server thread/INFO]: [spark] This server bundles the spark profiler. For more information please visit https://docs.papermc.io/paper/profiling
[06:12:31] [Server thread/INFO]: Server Ping Player Sample Count: 12
[06:12:31] [Server thread/INFO]: Using 4 threads for Netty based IO
[06:12:33] [Server thread/INFO]: [ChunkTaskScheduler] Chunk system is using 1 I/O threads, 1 worker threads, and population gen parallelism of 1 threads
[06:12:34] [Server thread/INFO]: Default game type: SURVIVAL
[06:12:34] [Server thread/INFO]: Generating keypair
[06:12:34] [Server thread/INFO]: Starting Minecraft server on *:25565
[06:12:34] [Server thread/INFO]: Using epoll channel type
[06:12:34] [Server thread/INFO]: Paper: Using libdeflate (Linux x86_64) compression from Velocity.
[06:12:34] [Server thread/INFO]: Paper: Using OpenSSL 1.1.x (Linux x86_64) cipher from Velocity.
[06:12:37] [Server thread/INFO]: [ViaVersion] Loading server plugin ViaVersion v5.0.3
[06:12:37] [Server thread/INFO]: [ViaVersion] ViaVersion 5.0.3 is now loaded. Registering protocol transformers and injecting...
[06:12:41] [Via-Mappingloader-0/INFO]: [ViaVersion] Loading block connection mappings ...
[06:12:42] [Via-Mappingloader-0/INFO]: [ViaVersion] Using FastUtil Long2ObjectOpenHashMap for block connections
[06:12:43] [Server thread/INFO]: [ViaBackwards] Loading translations...
[06:12:43] [Server thread/INFO]: [ViaBackwards] Registering protocols...
[06:12:46] [Server thread/INFO]: [ViaRewind] Registering protocols...
[06:12:46] [Server thread/INFO]: [ViaBackwards] Loading server plugin ViaBackwards v5.0.3
[06:12:46] [Server thread/INFO]: [ViaRewind] Loading server plugin ViaRewind v4.0.2
[06:12:46] [Server thread/INFO]: [Multiverse-Core] Loading server plugin Multiverse-Core v4.3.12
[06:12:47] [Server thread/INFO]: [Essentials] Loading server plugin Essentials v2.20.1
[06:12:47] [Server thread/INFO]: Server permissions file permissions.yml is empty, ignoring it
[06:12:47] [Server thread/INFO]: [ViaRewind] Enabling ViaRewind v4.0.2
[06:12:47] [Server thread/WARN]: **** SERVER IS RUNNING IN OFFLINE/INSECURE MODE!
[06:12:47] [Server thread/WARN]: The server will make no attempt to authenticate usernames. Beware.
[06:12:47] [Server thread/WARN]: Whilst this makes it possible to use BungeeCord, unless access to your server is properly restricted, it also opens up the ability for hackers to connect with any username they choose.
[06:12:47] [Server thread/WARN]: Please see http://www.spigotmc.org/wiki/firewall-guide/ for further information.
[06:12:47] [Server thread/WARN]: To change this, set "online-mode" to "true" in the server.properties file.
[06:12:47] [Server thread/INFO]: Preparing level "world"
[06:12:48] [Server thread/INFO]: Preparing start region for dimension minecraft:overworld
[06:12:50] [Server thread/INFO]: Time elapsed: 2505 ms
[06:12:50] [Server thread/INFO]: Preparing start region for dimension minecraft:the_nether
[06:12:51] [Server thread/INFO]: Time elapsed: 500 ms
[06:12:51] [Server thread/INFO]: Preparing start region for dimension minecraft:the_end
[06:12:51] [Server thread/INFO]: Time elapsed: 331 ms
[06:12:51] [Server thread/INFO]: [ViaVersion] Enabling ViaVersion v5.0.3
[06:12:51] [Server thread/INFO]: [ViaVersion] ViaVersion detected server version: 1.21 (767)
[06:12:51] [Server thread/INFO]: [ViaBackwards] Enabling ViaBackwards v5.0.3
[06:12:51] [Server thread/INFO]: [Multiverse-Core] Enabling Multiverse-Core v4.3.12
[06:12:51] [Server thread/WARN]: [Multiverse-Core] "Multiverse-Core v4.3.12" has registered a listener for org.bukkit.event.entity.EntityCreatePortalEvent on method "public void com.onarandombox.MultiverseCore.listeners.MVPortalListener.entityPortalCreate(org.bukkit.event.entity.EntityCreatePortalEvent)", but the event is Deprecated. "Server performance will be affected"; please notify the authors [dumptruckman, Rigby, fernferret, lithium3141, main--].
[06:12:51] [Server thread/INFO]: [Multiverse-Core] §aWe are aware of the warning about the deprecated event. There is no alternative that allows us to do what we need to do and performance impact is negligible. It is safe to ignore.
[06:12:52] [Server thread/INFO]: Preparing start region for dimension minecraft:asrechic
[06:12:52] [Server thread/INFO]: Time elapsed: 518 ms
[06:12:52] [Server thread/INFO]: Preparing start region for dimension minecraft:creative_world
[06:12:53] [Server thread/INFO]: Time elapsed: 271 ms
[06:12:53] [Server thread/INFO]: [Multiverse-Core] 5 - World(s) loaded.
[06:12:53] [Server thread/WARN]: [Multiverse-Core] Buscript failed to load! The script command will be disabled! If you would like not to see this message, use `/mv conf enablebuscript false` to disable Buscript from loading.
[06:12:53] [Server thread/INFO]: [Multiverse-Core] Version 4.3.12 (API v24) Enabled - By dumptruckman, Rigby, fernferret, lithium3141 and main--
[06:12:53] [Server thread/INFO]: [Essentials] Enabling Essentials v2.20.1
[06:12:53] [Server thread/ERROR]: [Essentials] You are running an unsupported server version!
[06:12:56] [Server thread/INFO]: [Essentials] Attempting to convert old kits in config.yml to new kits.yml
[06:12:56] [Server thread/INFO]: [Essentials] No kits found to migrate.
[06:12:56] [Server thread/INFO]: [Essentials] Starting Essentials ban format conversion
[06:12:56] [Server thread/INFO]: [Essentials] Attempting to migrate ignore list to UUIDs
[06:12:56] [Server thread/INFO]: [Essentials] Attempting to migrate legacy userdata keys to Configurate
[06:12:56] [Server thread/INFO]: [Essentials] Loaded 39094 items from items.json.
[06:12:56] [Server thread/INFO]: [Essentials] Using locale en
[06:12:57] [Server thread/INFO]: [Essentials] ServerListPingEvent: Spigot iterator API
[06:12:57] [Server thread/INFO]: [Essentials] Starting Metrics. Opt-out using the global bStats config.
[06:12:57] [Server thread/INFO]: [Essentials] Using superperms-based permissions.
[06:12:57] [Server thread/INFO]: [spark] Starting background profiler...
[06:12:58] [Server thread/INFO]: Done preparing level "world" (11.426s)
[06:12:58] [Server thread/INFO]: Running delayed init tasks
[06:12:58] [Server thread/INFO]: Done (45.699s)! For help, type "help"
[06:12:58] [Server thread/INFO]: Timings Reset
[06:12:58] [Craft Scheduler Thread - 2 - ViaVersion/INFO]: [ViaVersion] Finished mapping loading, shutting down loader executor!
[06:12:58] [Craft Scheduler Thread - 2 - Essentials/INFO]: [Essentials] Fetching version information...
[06:19:00] [Server thread/INFO]: Checking version, please wait...
[06:19:00] [Thread-7/INFO]: This server is running Paper version 1.21.1-41-master@fcedb49 (2024-08-24T09:02:10Z) (Implementing API version 1.21.1-R0.1-SNAPSHOT)
You are 11 version(s) behind
Download the new version at: https://papermc.io/downloads/paper
[06:19:57] [Server thread/INFO]: Unknown or incomplete command, see below for error
server<--[HERE]
[06:45:55] [Server thread/INFO]: Checking version, please wait...
[06:45:55] [Thread-8/INFO]: This server is running Paper version 1.21.1-41-master@fcedb49 (2024-08-24T09:02:10Z) (Implementing API version 1.21.1-R0.1-SNAPSHOT)
You are 11 version(s) behind
Download the new version at: https://papermc.io/downloads/paper
[06:46:21] [User Authenticator #0/INFO]: UUID of player drifter0311 is fbc49b16-3c68-3cfd-9b6b-7d3b2f5ec4c9
[06:46:22] [Netty Epoll Server IO #1/WARN]: [ViaVersion] (1.17->1.16.4) Increased world height is NOT SUPPORTED for 1.16 players and below. They will see a void below y 0 and above 256. You can enable the `bedrock-at-y-0` config option to replace the air with a bedrock layer.
[06:46:22] [Server thread/INFO]: drifter0311 joined the game
[06:46:23] [Server thread/INFO]: drifter0311[/[0:0:0:0:0:0:0:1]:45698] logged in with entity id 154 at ([world]2.5, 69.0, 4.5)
[06:46:23] [Server thread/WARN]: [Essentials] File motd.txt does not exist. Creating one for you.
[06:46:25] [Netty Epoll Server IO #1/WARN]: [ViaVersion] (1.13->1.12.2) Ignoring plugin channel in serverbound REGISTER: EAG|GetDomain
[06:46:25] [Netty Epoll Server IO #1/WARN]: [ViaVersion] (1.13->1.12.2) Ignoring plugin channel in serverbound REGISTER: EAG|UpdateCert-1.8
[06:46:25] [Netty Epoll Server IO #1/WARN]: [ViaVersion] (1.13->1.12.2) Ignoring plugin channel in serverbound REGISTER: EAG|Voice-1.8
[06:46:25] [Netty Epoll Server IO #1/WARN]: [ViaVersion] (1.13->1.12.2) Ignoring plugin channel in serverbound REGISTER: EAG|Skins-1.8
[06:46:25] [Netty Epoll Server IO #1/WARN]: [ViaVersion] (1.13->1.12.2) Ignoring plugin channel in serverbound REGISTER: EAG|FNAWSEn-1.8
[06:46:25] [Netty Epoll Server IO #1/WARN]: [ViaVersion] (1.13->1.12.2) Ignoring plugin channel in serverbound REGISTER: EAG|Capes-1.8
[06:46:27] [Server thread/WARN]: Can't keep up! Is the server overloaded? Running 2549ms or 50 ticks behind
[06:46:37] [Server thread/INFO]: [Essentials] CONSOLE issued server command: /kill 
[06:46:37] [Server thread/INFO]: Command Help: /kill
[06:46:37] [Server thread/INFO]: Description: Kills specified player.
[06:46:37] [Server thread/INFO]: Usage(s);
[06:46:37] [Server thread/INFO]: /kill <player> - Kills the specified player
[06:46:38] [Server thread/INFO]: drifter0311 issued server command: /gamemode c
[06:46:38] [Server thread/INFO]: [Essentials] drifter0311 was denied access to command.
[06:46:45] [Server thread/INFO]: [Not Secure] [Server] おつかえ
[06:46:50] [Server thread/INFO]: [Essentials] CONSOLE issued server command: /warp 
[06:46:50] [Server thread/INFO]: Error: No warps defined.
[06:47:26] [Server thread/INFO]: [Essentials] CONSOLE issued server command: /hat 
[06:47:26] [Server thread/INFO]: Error: Only in-game players can use hat.
[06:47:32] [Server thread/INFO]: [Essentials] CONSOLE issued server command: /hat drifter0311
[06:47:32] [Server thread/INFO]: Error: Only in-game players can use hat.
[06:47:48] [Server thread/INFO]: [Not Secure] [Server] ころしにいこ
[06:47:49] [Server thread/INFO]: This server is running Paper version 1.21.1-41-master@fcedb49 (2024-08-24T09:02:10Z) (Implementing API version 1.21.1-R0.1-SNAPSHOT)
You are 11 version(s) behind
Download the new version at: https://papermc.io/downloads/paper
[06:49:17] [Server thread/INFO]: [Essentials] CONSOLE issued server command: /list 
[06:49:17] [Server thread/INFO]: There are 1 out of maximum 50 players online.
[06:49:17] [Server thread/INFO]: default: drifter0311
[06:49:46] [User Authenticator #1/INFO]: UUID of player kkk2z1 is b320805e-c396-3052-8250-9d305d34a13a
[06:49:46] [Server thread/INFO]: kkk2z1 joined the game
[06:49:46] [Server thread/INFO]: kkk2z1[/[0:0:0:0:0:0:0:1]:45866] logged in with entity id 641 at ([world]-0.54426909502965, 69.0, -0.699999988079071)
[06:49:47] [Netty Epoll Server IO #2/WARN]: [ViaVersion] (1.13->1.12.2) Ignoring plugin channel in serverbound REGISTER: EAG|GetDomain
[06:49:47] [Netty Epoll Server IO #2/WARN]: [ViaVersion] (1.13->1.12.2) Ignoring plugin channel in serverbound REGISTER: EAG|UpdateCert-1.8
[06:49:47] [Netty Epoll Server IO #2/WARN]: [ViaVersion] (1.13->1.12.2) Ignoring plugin channel in serverbound REGISTER: EAG|Voice-1.8
[06:49:47] [Netty Epoll Server IO #2/WARN]: [ViaVersion] (1.13->1.12.2) Ignoring plugin channel in serverbound REGISTER: EAG|Skins-1.8
[06:49:47] [Netty Epoll Server IO #2/WARN]: [ViaVersion] (1.13->1.12.2) Ignoring plugin channel in serverbound REGISTER: EAG|FNAWSEn-1.8
[06:49:47] [Netty Epoll Server IO #2/WARN]: [ViaVersion] (1.13->1.12.2) Ignoring plugin channel in serverbound REGISTER: EAG|Capes-1.8
[06:50:00] [Server thread/INFO]: kkk2z1 issued server command: /gamemode creative
[06:50:06] [Server thread/INFO]: kkk2z1 issued server command: /help
[06:50:17] [Server thread/INFO]: kkk2z1 issued server command: /help essentials
[06:50:28] [Server thread/INFO]: drifter0311 has made the advancement [Stone Age]
[06:50:42] [Server thread/INFO]: kkk2z1 issued server command: /help essentials 2
[06:50:48] [Server thread/INFO]: kkk2z1 issued server command: /pay
[06:50:53] [Server thread/INFO]: kkk2z1 issued server command: /help essentials 3
[06:51:00] [Server thread/INFO]: kkk2z1 issued server command: /help essentials 4
[06:51:05] [Server thread/INFO]: drifter0311 has made the advancement [Getting an Upgrade]
[06:51:07] [Server thread/INFO]: kkk2z1 issued server command: /help essentials 5
[06:51:13] [Server thread/INFO]: kkk2z1 issued server command: /help essentials 6
[06:51:19] [Server thread/INFO]: kkk2z1 issued server command: /help essentials 7
[06:51:36] [Server thread/INFO]: kkk2z1 issued server command: /gamemode spectator
[06:51:41] [Server thread/INFO]: kkk2z1 issued server command: /gamemode creative
[06:52:35] [Server thread/INFO]: kkk2z1 issued server command: /tpa
[06:52:54] [Server thread/INFO]: drifter0311 issued server command: /tpa @kkk2z1
[06:52:54] [Server thread/INFO]: [Essentials] drifter0311 was denied access to command.
[06:52:54] [Server thread/INFO]: kkk2z1 issued server command: /./ver
[06:52:59] [Server thread/INFO]: drifter0311 issued server command: /tpa kkk2z1
[06:52:59] [Server thread/INFO]: [Essentials] drifter0311 was denied access to command.
[06:53:01] [Server thread/INFO]: kkk2z1 issued server command: /ver
[06:53:17] [Server thread/INFO]: kkk2z1 issued server command: /tp kkk2z1 drifter0311
[06:54:27] [Server thread/INFO]: kkk2z1 issued server command: /spawn
[06:55:10] [Server thread/INFO]: kkk2z1 issued server command: /tp 0 69 0
[06:55:56] [Server thread/INFO]: drifter0311 has made the advancement [Who Needs Rockets?]
[06:56:32] [Server thread/INFO]: drifter0311 was slain by kkk2z1
[06:56:35] [Server thread/INFO]: drifter0311 lost connection: Disconnected
[06:56:35] [Server thread/INFO]: drifter0311 left the game
[06:56:36] [Server thread/INFO]: kkk2z1 issued server command: /back
[06:56:43] [Server thread/INFO]: kkk2z1 issued server command: /tp 0 60 0
[06:57:11] [Server thread/INFO]: kkk2z1 lost connection: Disconnected
[06:57:11] [Server thread/INFO]: kkk2z1 left the game
[06:57:23] [User Authenticator #2/INFO]: UUID of player kkk2z1 is b320805e-c396-3052-8250-9d305d34a13a
[06:57:23] [Server thread/INFO]: kkk2z1 joined the game
[06:57:23] [Server thread/INFO]: kkk2z1[/[0:0:0:0:0:0:0:1]:42460] logged in with entity id 2281 at ([world]0.5, 60.0, 0.5)
[06:57:24] [Netty Epoll Server IO #3/WARN]: [ViaVersion] (1.13->1.12.2) Ignoring plugin channel in serverbound REGISTER: EAG|GetDomain
[06:57:24] [Netty Epoll Server IO #3/WARN]: [ViaVersion] (1.13->1.12.2) Ignoring plugin channel in serverbound REGISTER: EAG|UpdateCert-1.8
[06:57:24] [Netty Epoll Server IO #3/WARN]: [ViaVersion] (1.13->1.12.2) Ignoring plugin channel in serverbound REGISTER: EAG|Voice-1.8
[06:57:24] [Netty Epoll Server IO #3/WARN]: [ViaVersion] (1.13->1.12.2) Ignoring plugin channel in serverbound REGISTER: EAG|Skins-1.8
[06:57:24] [Netty Epoll Server IO #3/WARN]: [ViaVersion] (1.13->1.12.2) Ignoring plugin channel in serverbound REGISTER: EAG|FNAWSEn-1.8
[06:57:24] [Netty Epoll Server IO #3/WARN]: [ViaVersion] (1.13->1.12.2) Ignoring plugin channel in serverbound REGISTER: EAG|Capes-1.8
[06:57:30] [Server thread/INFO]: kkk2z1 issued server command: /
[06:57:31] [Server thread/INFO]: kkk2z1 lost connection: Disconnected
[06:57:31] [Server thread/INFO]: kkk2z1 left the game
[06:57:41] [Server thread/INFO]: [Essentials] CONSOLE issued server command: /gamemode creative kkk2z1
[06:57:41] [Server thread/INFO]: Error: Player not found.
[06:57:46] [User Authenticator #2/INFO]: UUID of player kkk2z1 is b320805e-c396-3052-8250-9d305d34a13a
[06:57:46] [Server thread/INFO]: kkk2z1 joined the game
[06:57:46] [Server thread/INFO]: kkk2z1[/[0:0:0:0:0:0:0:1]:49548] logged in with entity id 2321 at ([world]0.29999999701976776, 60.200000047683716, 0.29999999701976776)
[06:57:46] [Netty Epoll Server IO #0/WARN]: [ViaVersion] (1.13->1.12.2) Ignoring plugin channel in serverbound REGISTER: EAG|GetDomain
[06:57:46] [Netty Epoll Server IO #0/WARN]: [ViaVersion] (1.13->1.12.2) Ignoring plugin channel in serverbound REGISTER: EAG|UpdateCert-1.8
[06:57:46] [Netty Epoll Server IO #0/WARN]: [ViaVersion] (1.13->1.12.2) Ignoring plugin channel in serverbound REGISTER: EAG|Voice-1.8
[06:57:46] [Netty Epoll Server IO #0/WARN]: [ViaVersion] (1.13->1.12.2) Ignoring plugin channel in serverbound REGISTER: EAG|Skins-1.8
[06:57:46] [Netty Epoll Server IO #0/WARN]: [ViaVersion] (1.13->1.12.2) Ignoring plugin channel in serverbound REGISTER: EAG|FNAWSEn-1.8
[06:57:46] [Netty Epoll Server IO #0/WARN]: [ViaVersion] (1.13->1.12.2) Ignoring plugin channel in serverbound REGISTER: EAG|Capes-1.8
[06:57:52] [Server thread/INFO]: kkk2z1 issued server command: /gamemode creative
[06:57:55] [Server thread/INFO]: kkk2z1 issued server command: /gamemode creative
[06:57:57] [Server thread/INFO]: kkk2z1 issued server command: /gamemode creative
[06:58:05] [Server thread/INFO]: kkk2z1 issued server command: /tp 0 60 0
[06:58:10] [User Authenticator #2/INFO]: UUID of player drifter0311 is fbc49b16-3c68-3cfd-9b6b-7d3b2f5ec4c9
[06:58:10] [Netty Epoll Server IO #1/WARN]: [ViaVersion] (1.13->1.12.2) Ignoring plugin channel in serverbound REGISTER: EAG|GetDomain
[06:58:10] [Netty Epoll Server IO #1/WARN]: [ViaVersion] (1.13->1.12.2) Ignoring plugin channel in serverbound REGISTER: EAG|UpdateCert-1.8
[06:58:10] [Netty Epoll Server IO #1/WARN]: [ViaVersion] (1.13->1.12.2) Ignoring plugin channel in serverbound REGISTER: EAG|Voice-1.8
[06:58:10] [Netty Epoll Server IO #1/WARN]: [ViaVersion] (1.13->1.12.2) Ignoring plugin channel in serverbound REGISTER: EAG|Skins-1.8
[06:58:10] [Netty Epoll Server IO #1/WARN]: [ViaVersion] (1.13->1.12.2) Ignoring plugin channel in serverbound REGISTER: EAG|FNAWSEn-1.8
[06:58:10] [Netty Epoll Server IO #1/WARN]: [ViaVersion] (1.13->1.12.2) Ignoring plugin channel in serverbound REGISTER: EAG|Capes-1.8
[06:58:10] [Server thread/INFO]: drifter0311 joined the game
[06:58:10] [Server thread/INFO]: drifter0311[/[0:0:0:0:0:0:0:1]:38246] logged in with entity id 2361 at ([world]3.4202439018356454, 63.0, 8.699999988079071)
[06:58:44] [Server thread/INFO]: kkk2z1 issued server command: /mv
[06:58:48] [Server thread/INFO]: kkk2z1 issued server command: /mv list
[06:58:57] [Server thread/INFO]: kkk2z1 issued server command: /mv tp asreciv
[06:59:00] [Server thread/INFO]: kkk2z1 issued server command: /mv tp asrecic
[06:59:10] [Server thread/INFO]: kkk2z1 issued server command: /mv tp asrechic
[06:59:32] [Server thread/INFO]: drifter0311 lost connection: Disconnected
[06:59:32] [Server thread/INFO]: drifter0311 left the game
[06:59:35] [Server thread/INFO]: kkk2z1 issued server command: /gamemode creative
[06:59:55] [Server thread/INFO]: Made drifter0311 a server operator
[07:05:17] [Server thread/INFO]: kkk2z1 lost connection: Disconnected
[07:05:17] [Server thread/INFO]: kkk2z1 left the game
