[06:18:36] [ServerMain/INFO]: [bootstrap] Running Java 21 (OpenJDK 64-Bit Server VM 21.0.4+7-LTS; Microsoft Microsoft-9889606) on Linux 6.5.0-1022-azure (amd64)
[06:18:36] [ServerMain/INFO]: [bootstrap] Loading Paper 1.21.1-41-master@fcedb49 (2024-08-24T09:02:10Z) for Minecraft 1.21.1
[06:18:36] [ServerMain/INFO]: [PluginInitializerManager] Initializing plugins...
[06:18:38] [ServerMain/INFO]: [PluginInitializerManager] Initialized 4 plugins
[06:18:38] [ServerMain/INFO]: [PluginInitializerManager] Bukkit plugins (4):
 - Multiverse-Core (4.3.12), ViaBackwards (5.0.3), ViaRewind (4.0.2), ViaVersion (5.0.3)
[06:18:46] [ServerMain/INFO]: Environment: Environment[sessionHost=https://sessionserver.mojang.com, servicesHost=https://api.minecraftservices.com, name=PROD]
[06:18:49] [ServerMain/INFO]: Loaded 1290 recipes
[06:18:50] [ServerMain/INFO]: Loaded 1399 advancements
[06:18:50] [Server thread/INFO]: Starting minecraft server version 1.21.1
[06:18:50] [Server thread/INFO]: Loading properties
[06:18:50] [Server thread/INFO]: This server is running Paper version 1.21.1-41-master@fcedb49 (2024-08-24T09:02:10Z) (Implementing API version 1.21.1-R0.1-SNAPSHOT)
[06:18:51] [Server thread/INFO]: [spark] This server bundles the spark profiler. For more information please visit https://docs.papermc.io/paper/profiling
[06:18:51] [Server thread/INFO]: Server Ping Player Sample Count: 12
[06:18:51] [Server thread/INFO]: Using 4 threads for Netty based IO
[06:18:53] [Server thread/INFO]: [ChunkTaskScheduler] Chunk system is using 1 I/O threads, 1 worker threads, and population gen parallelism of 1 threads
[06:18:54] [Server thread/INFO]: Default game type: SURVIVAL
[06:18:54] [Server thread/INFO]: Generating keypair
[06:18:54] [Server thread/INFO]: Starting Minecraft server on *:25575
[06:18:54] [Server thread/INFO]: Using epoll channel type
[06:18:54] [Server thread/INFO]: Paper: Using libdeflate (Linux x86_64) compression from Velocity.
[06:18:54] [Server thread/INFO]: Paper: Using OpenSSL 1.1.x (Linux x86_64) cipher from Velocity.
[06:18:56] [Server thread/INFO]: [ViaVersion] Loading server plugin ViaVersion v5.0.3
[06:18:56] [Server thread/INFO]: [ViaVersion] ViaVersion 5.0.3 is now loaded. Registering protocol transformers and injecting...
[06:18:59] [Via-Mappingloader-0/INFO]: [ViaVersion] Loading block connection mappings ...
[06:19:00] [Via-Mappingloader-0/INFO]: [ViaVersion] Using FastUtil Long2ObjectOpenHashMap for block connections
[06:19:03] [Server thread/INFO]: [ViaBackwards] Loading translations...
[06:19:03] [Server thread/INFO]: [ViaBackwards] Registering protocols...
[06:19:05] [Server thread/INFO]: [ViaRewind] Registering protocols...
[06:19:06] [Server thread/INFO]: [ViaBackwards] Loading server plugin ViaBackwards v5.0.3
[06:19:06] [Server thread/INFO]: [ViaRewind] Loading server plugin ViaRewind v4.0.2
[06:19:06] [Server thread/INFO]: [Multiverse-Core] Loading server plugin Multiverse-Core v4.3.12
[06:19:06] [Server thread/INFO]: Server permissions file permissions.yml is empty, ignoring it
[06:19:06] [Server thread/INFO]: [ViaRewind] Enabling ViaRewind v4.0.2
[06:19:06] [Server thread/WARN]: **** SERVER IS RUNNING IN OFFLINE/INSECURE MODE!
[06:19:06] [Server thread/WARN]: The server will make no attempt to authenticate usernames. Beware.
[06:19:06] [Server thread/WARN]: Whilst this makes it possible to use BungeeCord, unless access to your server is properly restricted, it also opens up the ability for hackers to connect with any username they choose.
[06:19:06] [Server thread/WARN]: Please see http://www.spigotmc.org/wiki/firewall-guide/ for further information.
[06:19:06] [Server thread/WARN]: To change this, set "online-mode" to "true" in the server.properties file.
[06:19:06] [Server thread/INFO]: Preparing level "world"
[06:19:07] [Server thread/INFO]: Preparing start region for dimension minecraft:overworld
[06:19:10] [Server thread/INFO]: Time elapsed: 2508 ms
[06:19:10] [Server thread/INFO]: Preparing start region for dimension minecraft:the_nether
[06:19:10] [Server thread/INFO]: Time elapsed: 354 ms
[06:19:10] [Server thread/INFO]: Preparing start region for dimension minecraft:the_end
[06:19:11] [Server thread/INFO]: Time elapsed: 325 ms
[06:19:11] [Server thread/INFO]: [ViaVersion] Enabling ViaVersion v5.0.3
[06:19:11] [Server thread/INFO]: [ViaVersion] ViaVersion detected server version: 1.21 (767)
[06:19:11] [Server thread/INFO]: [ViaBackwards] Enabling ViaBackwards v5.0.3
[06:19:11] [Server thread/INFO]: [Multiverse-Core] Enabling Multiverse-Core v4.3.12
[06:19:11] [Server thread/WARN]: [Multiverse-Core] "Multiverse-Core v4.3.12" has registered a listener for org.bukkit.event.entity.EntityCreatePortalEvent on method "public void com.onarandombox.MultiverseCore.listeners.MVPortalListener.entityPortalCreate(org.bukkit.event.entity.EntityCreatePortalEvent)", but the event is Deprecated. "Server performance will be affected"; please notify the authors [dumptruckman, Rigby, fernferret, lithium3141, main--].
[06:19:11] [Server thread/INFO]: [Multiverse-Core] §aWe are aware of the warning about the deprecated event. There is no alternative that allows us to do what we need to do and performance impact is negligible. It is safe to ignore.
[06:19:12] [Server thread/INFO]: Preparing start region for dimension minecraft:creative_world
[06:19:12] [Server thread/INFO]: Time elapsed: 188 ms
[06:19:12] [Server thread/INFO]: Preparing start region for dimension minecraft:asrechic
[06:19:13] [Server thread/INFO]: Time elapsed: 428 ms
[06:19:13] [Server thread/INFO]: [Multiverse-Core] 5 - World(s) loaded.
[06:19:13] [Server thread/WARN]: [Multiverse-Core] Buscript failed to load! The script command will be disabled! If you would like not to see this message, use `/mv conf enablebuscript false` to disable Buscript from loading.
[06:19:13] [Server thread/INFO]: [Multiverse-Core] Version 4.3.12 (API v24) Enabled - By dumptruckman, Rigby, fernferret, lithium3141 and main--
[06:19:13] [Server thread/INFO]: [spark] Starting background profiler...
[06:19:14] [Server thread/INFO]: Done preparing level "world" (7.622s)
[06:19:14] [Server thread/INFO]: Running delayed init tasks
[06:19:14] [Server thread/INFO]: Done (38.914s)! For help, type "help"
[06:19:14] [Server thread/INFO]: Timings Reset
[06:19:14] [Craft Scheduler Thread - 2 - ViaVersion/INFO]: [ViaVersion] Finished mapping loading, shutting down loader executor!
